<?xml version="1.0" encoding="UTF-8"?>
<robot generator="Robot 5.0.1 (Python 3.7.5 on win32)" generated="20220707 09:22:58.768" rpa="true" schemaversion="3">
<suite id="s1" name="Tasks" source="c:\Users\E1329245\OneDrive - Emerson\Desktop\RC2\tasks.robot">
<test id="s1-t1" name="Order robots from RobotSpareBin Industries Inc" line="26">
<kw name="Collect File Link From User">
<var>${orders}</var>
<kw name="Add text input" library="RPA.Dialogs">
<arg>input</arg>
<arg>label=CSV</arg>
<tag>input</tag>
<doc>Add a text input element</doc>
<status status="PASS" starttime="20220707 09:23:02.859" endtime="20220707 09:23:02.861"/>
</kw>
<kw name="Run dialog" library="RPA.Dialogs">
<var>${response}</var>
<tag>dialog</tag>
<doc>Create a dialog from all the defined elements and block
until the user has handled it.</doc>
<msg timestamp="20220707 09:23:02.862" level="INFO">Protecting keyword: RPA.Dialogs.Run dialog</msg>
<msg timestamp="20220707 09:23:08.474" level="INFO">Log level changed from NONE to INFO.</msg>
<status status="PASS" starttime="20220707 09:23:02.861" endtime="20220707 09:23:08.473"/>
</kw>
<return>
<value>${response}</value>
<status status="PASS" starttime="20220707 09:23:08.474" endtime="20220707 09:23:08.475"/>
</return>
<msg timestamp="20220707 09:23:08.475" level="INFO">${orders} = {'input': 'https://robotsparebinindustries.com/orders.csv', 'submit': 'Submit'}</msg>
<status status="PASS" starttime="20220707 09:23:02.859" endtime="20220707 09:23:08.475"/>
</kw>
<kw name="Open Website">
<kw name="Open Available Browser" library="RPA.Browser.Selenium">
<arg>https://robotsparebinindustries.com/#/robot-order</arg>
<doc>Attempts to open a browser on the user's device from a set of
supported browsers. Automatically downloads a corresponding webdriver
if none is already installed.</doc>
<msg timestamp="20220707 09:23:08.479" level="INFO">Creating an instance of the Chrome WebDriver.</msg>
<msg timestamp="20220707 09:23:08.526" level="INFO">Created download root directory: C:\Users\E1329245\AppData\Local\robocorp\webdrivers</msg>
<msg timestamp="20220707 09:23:08.526" level="INFO">Created symlink directory: C:\Users\E1329245\AppData\Local\robocorp\webdrivers</msg>
<msg timestamp="20220707 09:23:08.526" level="INFO">Creating an instance of the Chrome WebDriver.</msg>
<msg timestamp="20220707 09:23:10.201" level="INFO">Created Chrome browser with arguments: --disable-dev-shm-usage --disable-web-security --allow-running-insecure-content --no-sandbox</msg>
<msg timestamp="20220707 09:23:10.201" level="INFO" html="true">&lt;p&gt;Attempted combinations:&lt;/p&gt;&lt;div class="doc"&gt;&lt;table&gt;&lt;tr&gt;&lt;th&gt;Browser&lt;/th&gt;&lt;th&gt;Download&lt;/th&gt;&lt;th&gt;Error&lt;/th&gt;&lt;/tr&gt;&lt;tr&gt;&lt;td&gt;Chrome&lt;/td&gt;&lt;td&gt;False&lt;/td&gt;&lt;td&gt;Message: 'chromedriver' executable needs to be in PATH. Please see https://sites.google.com/a/chromium.org/chromedriver/home
&lt;/td&gt;&lt;/tr&gt;&lt;tr&gt;&lt;td&gt;Chrome&lt;/td&gt;&lt;td&gt;True&lt;/td&gt;&lt;td&gt;&lt;/td&gt;&lt;/tr&gt;&lt;/table&gt;&lt;/div&gt;</msg>
<msg timestamp="20220707 09:23:10.201" level="INFO">Opening url 'https://robotsparebinindustries.com/#/robot-order'</msg>
<status status="PASS" starttime="20220707 09:23:08.478" endtime="20220707 09:23:12.026"/>
</kw>
<kw name="Click Button" library="RPA.Browser.Selenium">
<arg>Yep</arg>
<doc>Clicks the button identified by ``locator``.</doc>
<msg timestamp="20220707 09:23:12.027" level="INFO">Clicking button 'Yep'.</msg>
<status status="PASS" starttime="20220707 09:23:12.026" endtime="20220707 09:23:12.129"/>
</kw>
<status status="PASS" starttime="20220707 09:23:08.476" endtime="20220707 09:23:12.129"/>
</kw>
<kw name="Fill and submit orders">
<arg>${orders}</arg>
<for flavor="IN">
<var>${order}</var>
<value>@{orders}</value>
<iter>
<var name="${order}">input</var>
<kw name="fill order">
<arg>${order}</arg>
<kw name="Select From List By Index" library="RPA.Browser.Selenium">
<arg>id:head</arg>
<arg>${order}[Head]</arg>
<doc>Selects options from selection list ``locator`` by ``indexes``.</doc>
<msg timestamp="20220707 09:23:12.138" level="FAIL">String '${order}' used with invalid index 'Head'. To use '[Head]' as a literal value, it needs to be escaped like '\[Head]'.</msg>
<status status="FAIL" starttime="20220707 09:23:12.137" endtime="20220707 09:23:12.138"/>
</kw>
<kw name="Select Radio Button" library="RPA.Browser.Selenium">
<arg>body</arg>
<arg>${order}[Body]</arg>
<doc>Sets the radio button group ``group_name`` to ``value``.</doc>
<status status="NOT RUN" starttime="20220707 09:23:12.138" endtime="20220707 09:23:12.141"/>
</kw>
<kw name="Input Text" library="RPA.Browser.Selenium">
<arg>xpath://input[@class="form-control"]</arg>
<arg>${order}[Legs]</arg>
<doc>Types the given ``text`` into the text field identified by ``locator``.</doc>
<status status="NOT RUN" starttime="20220707 09:23:12.141" endtime="20220707 09:23:12.141"/>
</kw>
<kw name="Input Text" library="RPA.Browser.Selenium">
<arg>id:address</arg>
<arg>${order}[Address]</arg>
<doc>Types the given ``text`` into the text field identified by ``locator``.</doc>
<status status="NOT RUN" starttime="20220707 09:23:12.141" endtime="20220707 09:23:12.141"/>
</kw>
<kw name="Preview and save picture">
<arg>${order}[Order number]</arg>
<status status="NOT RUN" starttime="20220707 09:23:12.141" endtime="20220707 09:23:12.141"/>
</kw>
<kw name="Wait Until Keyword Succeeds" library="BuiltIn">
<arg>5x</arg>
<arg>5s</arg>
<arg>Submit Order</arg>
<doc>Runs the specified keyword and retries if it fails.</doc>
<status status="NOT RUN" starttime="20220707 09:23:12.141" endtime="20220707 09:23:12.141"/>
</kw>
<kw name="Store the receipt as a PDF file">
<var>${pdf}</var>
<arg>${order}[Order number]</arg>
<status status="NOT RUN" starttime="20220707 09:23:12.141" endtime="20220707 09:23:12.141"/>
</kw>
<kw name="Embed the robot screenshot to the receipt PDF file">
<arg>${order}[Order number]</arg>
<status status="NOT RUN" starttime="20220707 09:23:12.141" endtime="20220707 09:23:12.141"/>
</kw>
<kw name="Click Button" library="RPA.Browser.Selenium">
<arg>id:order-another</arg>
<doc>Clicks the button identified by ``locator``.</doc>
<status status="NOT RUN" starttime="20220707 09:23:12.141" endtime="20220707 09:23:12.141"/>
</kw>
<kw name="Click Button" library="RPA.Browser.Selenium">
<arg>Yep</arg>
<doc>Clicks the button identified by ``locator``.</doc>
<status status="NOT RUN" starttime="20220707 09:23:12.141" endtime="20220707 09:23:12.141"/>
</kw>
<status status="FAIL" starttime="20220707 09:23:12.129" endtime="20220707 09:23:12.141"/>
</kw>
<status status="FAIL" starttime="20220707 09:23:12.129" endtime="20220707 09:23:12.141"/>
</iter>
<status status="FAIL" starttime="20220707 09:23:12.129" endtime="20220707 09:23:12.141"/>
</for>
<kw name="Create ZIP package from PDF files">
<status status="NOT RUN" starttime="20220707 09:23:12.141" endtime="20220707 09:23:12.141"/>
</kw>
<status status="FAIL" starttime="20220707 09:23:12.129" endtime="20220707 09:23:12.149"/>
</kw>
<kw name="close the browser" type="TEARDOWN">
<kw name="Close Browser" library="RPA.Browser.Selenium">
<doc>Closes the current browser.</doc>
<status status="PASS" starttime="20220707 09:23:12.149" endtime="20220707 09:23:14.366"/>
</kw>
<status status="PASS" starttime="20220707 09:23:12.149" endtime="20220707 09:23:14.366"/>
</kw>
<status status="FAIL" starttime="20220707 09:23:02.857" endtime="20220707 09:23:14.366">String '${order}' used with invalid index 'Head'. To use '[Head]' as a literal value, it needs to be escaped like '\[Head]'.</status>
</test>
<doc>Orders robots from RobotSpareBin Industries Inc.
Saves the order HTML receipt as a PDF file.
Saves the screenshot of the ordered robot.
Embeds the screenshot of the robot to the PDF receipt.
Creates ZIP archive of the receipts and the images.</doc>
<status status="FAIL" starttime="20220707 09:22:58.768" endtime="20220707 09:23:14.368"/>
</suite>
<statistics>
<total>
<stat pass="0" fail="1" skip="0">All Tasks</stat>
</total>
<tag>
</tag>
<suite>
<stat pass="0" fail="1" skip="0" id="s1" name="Tasks">Tasks</stat>
</suite>
</statistics>
<errors>
</errors>
</robot>
